This is XeTeX, Version 3.14159265-2.6-0.999991 (TeX Live 2019/Debian) (preloaded format=xelatex 2021.6.30)  26 JUL 2021 23:14
entering extended mode
 restricted \write18 enabled.
 %&-line parsing enabled.
**Computational-Probability-and-Statistics.tex
(./Computational-Probability-and-Statistics.tex
LaTeX2e <2020-02-02> patch level 2
L3 programming layer <2020-02-14> (/usr/share/texlive/texmf-dist/tex/latex/base
/book.cls
Document Class: book 2019/12/20 v1.4l Standard LaTeX document class
(/usr/share/texlive/texmf-dist/tex/latex/base/bk10.clo
File: bk10.clo 2019/12/20 v1.4l Standard LaTeX file (size option)
)
\c@part=\count163
\c@chapter=\count164
\c@section=\count165
\c@subsection=\count166
\c@subsubsection=\count167
\c@paragraph=\count168
\c@subparagraph=\count169
\c@figure=\count170
\c@table=\count171
\abovecaptionskip=\skip47
\belowcaptionskip=\skip48
\bibindent=\dimen134
) (/usr/share/texlive/texmf-dist/tex/latex/amsmath/amsmath.sty
Package: amsmath 2020/01/20 v2.17e AMS math features
\@mathmargin=\skip49
For additional information on amsmath, use the `?' option.
(/usr/share/texlive/texmf-dist/tex/latex/amsmath/amstext.sty
Package: amstext 2000/06/29 v2.01 AMS text
(/usr/share/texlive/texmf-dist/tex/latex/amsmath/amsgen.sty
File: amsgen.sty 1999/11/30 v2.0 generic functions
\@emptytoks=\toks14
\ex@=\dimen135
)) (/usr/share/texlive/texmf-dist/tex/latex/amsmath/amsbsy.sty
Package: amsbsy 1999/11/29 v1.2d Bold Symbols
\pmbraise@=\dimen136
) (/usr/share/texlive/texmf-dist/tex/latex/amsmath/amsopn.sty
Package: amsopn 2016/03/08 v2.02 operator names
)
\inf@bad=\count172
LaTeX Info: Redefining \frac on input line 227.
\uproot@=\count173
\leftroot@=\count174
LaTeX Info: Redefining \overline on input line 389.
\classnum@=\count175
\DOTSCASE@=\count176
LaTeX Info: Redefining \ldots on input line 486.
LaTeX Info: Redefining \dots on input line 489.
LaTeX Info: Redefining \cdots on input line 610.
\Mathstrutbox@=\box45
\strutbox@=\box46
\big@size=\dimen137
LaTeX Font Info:    Redeclaring font encoding OML on input line 733.
LaTeX Font Info:    Redeclaring font encoding OMS on input line 734.
\macc@depth=\count177
\c@MaxMatrixCols=\count178
\dotsspace@=\muskip16
\c@parentequation=\count179
\dspbrk@lvl=\count180
\tag@help=\toks15
\row@=\count181
\column@=\count182
\maxfields@=\count183
\andhelp@=\toks16
\eqnshift@=\dimen138
\alignsep@=\dimen139
\tagshift@=\dimen140
\tagwidth@=\dimen141
\totwidth@=\dimen142
\lineht@=\dimen143
\@envbody=\toks17
\multlinegap=\skip50
\multlinetaggap=\skip51
\mathdisplay@stack=\toks18
LaTeX Info: Redefining \[ on input line 2859.
LaTeX Info: Redefining \] on input line 2860.
) (/usr/share/texlive/texmf-dist/tex/latex/amsfonts/amssymb.sty
Package: amssymb 2013/01/14 v3.01 AMS font symbols
(/usr/share/texlive/texmf-dist/tex/latex/amsfonts/amsfonts.sty
Package: amsfonts 2013/01/14 v3.01 Basic AMSFonts support
\symAMSa=\mathgroup4
\symAMSb=\mathgroup5
LaTeX Font Info:    Redeclaring math symbol \hbar on input line 98.
LaTeX Font Info:    Overwriting math alphabet `\mathfrak' in version `bold'
(Font)                  U/euf/m/n --> U/euf/b/n on input line 106.
)) (/usr/share/texmf/tex/latex/lm/lmodern.sty
Package: lmodern 2009/10/30 v1.6 Latin Modern Fonts
LaTeX Font Info:    Overwriting symbol font `operators' in version `normal'
(Font)                  OT1/cmr/m/n --> OT1/lmr/m/n on input line 22.
LaTeX Font Info:    Overwriting symbol font `letters' in version `normal'
(Font)                  OML/cmm/m/it --> OML/lmm/m/it on input line 23.
LaTeX Font Info:    Overwriting symbol font `symbols' in version `normal'
(Font)                  OMS/cmsy/m/n --> OMS/lmsy/m/n on input line 24.
LaTeX Font Info:    Overwriting symbol font `largesymbols' in version `normal'
(Font)                  OMX/cmex/m/n --> OMX/lmex/m/n on input line 25.
LaTeX Font Info:    Overwriting symbol font `operators' in version `bold'
(Font)                  OT1/cmr/bx/n --> OT1/lmr/bx/n on input line 26.
LaTeX Font Info:    Overwriting symbol font `letters' in version `bold'
(Font)                  OML/cmm/b/it --> OML/lmm/b/it on input line 27.
LaTeX Font Info:    Overwriting symbol font `symbols' in version `bold'
(Font)                  OMS/cmsy/b/n --> OMS/lmsy/b/n on input line 28.
LaTeX Font Info:    Overwriting symbol font `largesymbols' in version `bold'
(Font)                  OMX/cmex/m/n --> OMX/lmex/m/n on input line 29.
LaTeX Font Info:    Overwriting math alphabet `\mathbf' in version `normal'
(Font)                  OT1/cmr/bx/n --> OT1/lmr/bx/n on input line 31.
LaTeX Font Info:    Overwriting math alphabet `\mathsf' in version `normal'
(Font)                  OT1/cmss/m/n --> OT1/lmss/m/n on input line 32.
LaTeX Font Info:    Overwriting math alphabet `\mathit' in version `normal'
(Font)                  OT1/cmr/m/it --> OT1/lmr/m/it on input line 33.
LaTeX Font Info:    Overwriting math alphabet `\mathtt' in version `normal'
(Font)                  OT1/cmtt/m/n --> OT1/lmtt/m/n on input line 34.
LaTeX Font Info:    Overwriting math alphabet `\mathbf' in version `bold'
(Font)                  OT1/cmr/bx/n --> OT1/lmr/bx/n on input line 35.
LaTeX Font Info:    Overwriting math alphabet `\mathsf' in version `bold'
(Font)                  OT1/cmss/bx/n --> OT1/lmss/bx/n on input line 36.
LaTeX Font Info:    Overwriting math alphabet `\mathit' in version `bold'
(Font)                  OT1/cmr/bx/it --> OT1/lmr/bx/it on input line 37.
LaTeX Font Info:    Overwriting math alphabet `\mathtt' in version `bold'
(Font)                  OT1/cmtt/m/n --> OT1/lmtt/m/n on input line 38.
) (/usr/share/texlive/texmf-dist/tex/generic/iftex/ifxetex.sty
Package: ifxetex 2019/10/25 v0.7 ifxetex legacy package. Use iftex instead.
(/usr/share/texlive/texmf-dist/tex/generic/iftex/iftex.sty
Package: iftex 2019/11/07 v1.0c TeX engine tests
)) (/usr/share/texlive/texmf-dist/tex/generic/iftex/ifluatex.sty
Package: ifluatex 2019/10/25 v1.5 ifluatex legacy package. Use iftex instead.
) (/usr/share/texlive/texmf-dist/tex/latex/unicode-math/unicode-math.sty (/usr/
share/texlive/texmf-dist/tex/latex/l3kernel/expl3.sty
Package: expl3 2020-02-14 L3 programming layer (loader) 
(/usr/share/texlive/texmf-dist/tex/latex/l3backend/l3backend-xdvipdfmx.def
File: l3backend-xdvipdfmx.def 2020-02-03 L3 backend support: xdvipdfmx
\g__graphics_track_int=\count184
\l__pdf_internal_box=\box47
\g__pdf_backend_object_int=\count185
\g__pdf_backend_annotation_int=\count186
))
Package: unicode-math 2020/01/31 v0.8q Unicode maths in XeLaTeX and LuaLaTeX
(/usr/share/texlive/texmf-dist/tex/latex/unicode-math/unicode-math-xetex.sty
Package: unicode-math-xetex 2020/01/31 v0.8q Unicode maths in XeLaTeX and LuaLa
TeX
(/usr/share/texlive/texmf-dist/tex/latex/l3packages/xparse/xparse.sty
Package: xparse 2020-02-14 L3 Experimental document command parser
\l__xparse_current_arg_int=\count187
\g__xparse_grabber_int=\count188
\l__xparse_m_args_int=\count189
\l__xparse_v_nesting_int=\count190
) (/usr/share/texlive/texmf-dist/tex/latex/l3packages/l3keys2e/l3keys2e.sty
Package: l3keys2e 2020-02-14 LaTeX2e option processing using LaTeX3 keys
) (/usr/share/texlive/texmf-dist/tex/latex/fontspec/fontspec.sty
Package: fontspec 2020/02/03 v2.7h Font selection for XeLaTeX and LuaLaTeX
(/usr/share/texlive/texmf-dist/tex/latex/fontspec/fontspec-xetex.sty
Package: fontspec-xetex 2020/02/03 v2.7h Font selection for XeLaTeX and LuaLaTe
X
\l__fontspec_script_int=\count191
\l__fontspec_language_int=\count192
\l__fontspec_strnum_int=\count193
\l__fontspec_tmp_int=\count194
\l__fontspec_tmpa_int=\count195
\l__fontspec_tmpb_int=\count196
\l__fontspec_tmpc_int=\count197
\l__fontspec_em_int=\count198
\l__fontspec_emdef_int=\count199
\l__fontspec_strong_int=\count266
\l__fontspec_strongdef_int=\count267
\l__fontspec_tmpa_dim=\dimen144
\l__fontspec_tmpb_dim=\dimen145
\l__fontspec_tmpc_dim=\dimen146
(/usr/share/texlive/texmf-dist/tex/latex/base/fontenc.sty
Package: fontenc 2020/02/11 v2.0o Standard LaTeX package
) (/usr/share/texlive/texmf-dist/tex/latex/fontspec/fontspec.cfg))) (/usr/share
/texlive/texmf-dist/tex/latex/base/fix-cm.sty
Package: fix-cm 2015/01/14 v1.1t fixes to LaTeX
(/usr/share/texlive/texmf-dist/tex/latex/base/ts1enc.def
File: ts1enc.def 2001/06/05 v3.0e (jk/car/fm) Standard LaTeX file
LaTeX Font Info:    Redeclaring font encoding TS1 on input line 47.
))
\g__um_fam_int=\count268
\g__um_fonts_used_int=\count269
\l__um_primecount_int=\count270
\g__um_primekern_muskip=\muskip17
(/usr/share/texlive/texmf-dist/tex/latex/unicode-math/unicode-math-table.tex)))
(/usr/share/texlive/texmf-dist/tex/latex/upquote/upquote.sty
Package: upquote 2012/04/19 v1.3 upright-quote and grave-accent glyphs in verba
tim
(/usr/share/texlive/texmf-dist/tex/latex/base/textcomp.sty
Package: textcomp 2020/02/02 v2.0n Standard LaTeX package
)) (/usr/share/texlive/texmf-dist/tex/latex/microtype/microtype.sty
Package: microtype 2019/11/18 v2.7d Micro-typographical refinements (RS)
(/usr/share/texlive/texmf-dist/tex/latex/graphics/keyval.sty
Package: keyval 2014/10/28 v1.15 key=value parser (DPC)
\KV@toks@=\toks19
)
\MT@toks=\toks20
\MT@count=\count271
LaTeX Info: Redefining \textls on input line 790.
\MT@outer@kern=\dimen147
LaTeX Info: Redefining \textmicrotypecontext on input line 1354.
\MT@listname@count=\count272
(/usr/share/texlive/texmf-dist/tex/latex/microtype/microtype-xetex.def
File: microtype-xetex.def 2019/11/18 v2.7d Definitions specific to xetex (RS)
LaTeX Info: Redefining \lsstyle on input line 258.
)
Package microtype Info: Loading configuration file microtype.cfg.
(/usr/share/texlive/texmf-dist/tex/latex/microtype/microtype.cfg
File: microtype.cfg 2019/11/18 v2.7d microtype main configuration file (RS)
)) (/usr/share/texlive/texmf-dist/tex/latex/parskip/parskip.sty
Package: parskip 2020-01-22 v2.0d non-zero parskip adjustments
(/usr/share/texlive/texmf-dist/tex/latex/kvoptions/kvoptions.sty
Package: kvoptions 2019/11/29 v3.13 Key value format for package options (HO)
(/usr/share/texlive/texmf-dist/tex/generic/ltxcmds/ltxcmds.sty
Package: ltxcmds 2019/12/15 v1.24 LaTeX kernel commands for general use (HO)
) (/usr/share/texlive/texmf-dist/tex/generic/kvsetkeys/kvsetkeys.sty
Package: kvsetkeys 2019/12/15 v1.18 Key value parser (HO)
)) (/usr/share/texlive/texmf-dist/tex/latex/etoolbox/etoolbox.sty
Package: etoolbox 2019/09/21 v2.5h e-TeX tools for LaTeX (JAW)
\etb@tempcnta=\count273
)) (/usr/share/texlive/texmf-dist/tex/latex/xcolor/xcolor.sty
Package: xcolor 2016/05/11 v2.12 LaTeX color extensions (UK)
(/usr/share/texlive/texmf-dist/tex/latex/graphics-cfg/color.cfg
File: color.cfg 2016/01/02 v1.6 sample color configuration
)
Package xcolor Info: Driver file: xetex.def on input line 225.
(/usr/share/texlive/texmf-dist/tex/latex/graphics-def/xetex.def
File: xetex.def 2017/06/24 v5.0h Graphics/color driver for xetex
)
Package xcolor Info: Model `cmy' substituted by `cmy0' on input line 1348.
Package xcolor Info: Model `RGB' extended on input line 1364.
Package xcolor Info: Model `HTML' substituted by `rgb' on input line 1366.
Package xcolor Info: Model `Hsb' substituted by `hsb' on input line 1367.
Package xcolor Info: Model `tHsb' substituted by `hsb' on input line 1368.
Package xcolor Info: Model `HSB' substituted by `hsb' on input line 1369.
Package xcolor Info: Model `Gray' substituted by `gray' on input line 1370.
Package xcolor Info: Model `wave' substituted by `hsb' on input line 1371.
) (/usr/share/texlive/texmf-dist/tex/latex/xurl/xurl.sty
Package: xurl 2020/01/24 v 0.09 modify URL breaks
(/usr/share/texlive/texmf-dist/tex/latex/url/url.sty
\Urlmuskip=\muskip18
Package: url 2013/09/16  ver 3.4  Verb mode for urls, etc.
)) (/usr/share/texlive/texmf-dist/tex/latex/bookmark/bookmark.sty
Package: bookmark 2019/12/03 v1.28 PDF bookmarks (HO)
(/usr/share/texlive/texmf-dist/tex/latex/hyperref/hyperref.sty
Package: hyperref 2020/01/14 v7.00d Hypertext links for LaTeX
(/usr/share/texlive/texmf-dist/tex/latex/pdftexcmds/pdftexcmds.sty
Package: pdftexcmds 2019/11/24 v0.31 Utility functions of pdfTeX for LuaTeX (HO
)
(/usr/share/texlive/texmf-dist/tex/generic/infwarerr/infwarerr.sty
Package: infwarerr 2019/12/03 v1.5 Providing info/warning/error messages (HO)
)
Package pdftexcmds Info: \pdf@primitive is available.
Package pdftexcmds Info: \pdf@ifprimitive is available.
Package pdftexcmds Info: \pdfdraftmode not found.
) (/usr/share/texlive/texmf-dist/tex/generic/kvdefinekeys/kvdefinekeys.sty
Package: kvdefinekeys 2019-12-19 v1.6 Define keys (HO)
) (/usr/share/texlive/texmf-dist/tex/generic/pdfescape/pdfescape.sty
Package: pdfescape 2019/12/09 v1.15 Implements pdfTeX's escape features (HO)
) (/usr/share/texlive/texmf-dist/tex/latex/hycolor/hycolor.sty
Package: hycolor 2020-01-27 v1.10 Color options for hyperref/bookmark (HO)
) (/usr/share/texlive/texmf-dist/tex/latex/letltxmacro/letltxmacro.sty
Package: letltxmacro 2019/12/03 v1.6 Let assignment for LaTeX macros (HO)
) (/usr/share/texlive/texmf-dist/tex/latex/auxhook/auxhook.sty
Package: auxhook 2019-12-17 v1.6 Hooks for auxiliary files (HO)
)
\@linkdim=\dimen148
\Hy@linkcounter=\count274
\Hy@pagecounter=\count275
(/usr/share/texlive/texmf-dist/tex/latex/hyperref/pd1enc.def
File: pd1enc.def 2020/01/14 v7.00d Hyperref: PDFDocEncoding definition (HO)
) (/usr/share/texlive/texmf-dist/tex/generic/intcalc/intcalc.sty
Package: intcalc 2019/12/15 v1.3 Expandable calculations with integers (HO)
) (/usr/share/texlive/texmf-dist/tex/generic/etexcmds/etexcmds.sty
Package: etexcmds 2019/12/15 v1.7 Avoid name clashes with e-TeX commands (HO)
)
\Hy@SavedSpaceFactor=\count276
Package hyperref Info: Option `unicode' set `true' on input line 4421.
(/usr/share/texlive/texmf-dist/tex/latex/hyperref/puenc.def
File: puenc.def 2020/01/14 v7.00d Hyperref: PDF Unicode definition (HO)
)
Package hyperref Info: Hyper figures OFF on input line 4547.
Package hyperref Info: Link nesting OFF on input line 4552.
Package hyperref Info: Hyper index ON on input line 4555.
Package hyperref Info: Plain pages OFF on input line 4562.
Package hyperref Info: Backreferencing OFF on input line 4567.
Package hyperref Info: Implicit mode ON; LaTeX internals redefined.
Package hyperref Info: Bookmarks ON on input line 4800.
\c@Hy@tempcnt=\count277
LaTeX Info: Redefining \url on input line 5159.
\XeTeXLinkMargin=\dimen149
(/usr/share/texlive/texmf-dist/tex/generic/bitset/bitset.sty
Package: bitset 2019/12/09 v1.3 Handle bit-vector datatype (HO)
(/usr/share/texlive/texmf-dist/tex/generic/bigintcalc/bigintcalc.sty
Package: bigintcalc 2019/12/15 v1.5 Expandable calculations on big integers (HO
)
))
\Fld@menulength=\count278
\Field@Width=\dimen150
\Fld@charsize=\dimen151
Package hyperref Info: Hyper figures OFF on input line 6430.
Package hyperref Info: Link nesting OFF on input line 6435.
Package hyperref Info: Hyper index ON on input line 6438.
Package hyperref Info: backreferencing OFF on input line 6445.
Package hyperref Info: Link coloring OFF on input line 6450.
Package hyperref Info: Link coloring with OCG OFF on input line 6455.
Package hyperref Info: PDF/A mode OFF on input line 6460.
LaTeX Info: Redefining \ref on input line 6500.
LaTeX Info: Redefining \pageref on input line 6504.
(/usr/share/texlive/texmf-dist/tex/generic/atbegshi/atbegshi.sty
Package: atbegshi 2019/12/05 v1.19 At begin shipout hook (HO)
)
\Hy@abspage=\count279
\c@Item=\count280
\c@Hfootnote=\count281
)
Package hyperref Info: Driver (autodetected): hxetex.
(/usr/share/texlive/texmf-dist/tex/latex/hyperref/hxetex.def
File: hxetex.def 2020/01/14 v7.00d Hyperref driver for XeTeX
(/usr/share/texlive/texmf-dist/tex/generic/stringenc/stringenc.sty
Package: stringenc 2019/11/29 v1.12 Convert strings between diff. encodings (HO
)
)
\pdfm@box=\box48
\c@Hy@AnnotLevel=\count282
\HyField@AnnotCount=\count283
\Fld@listcount=\count284
\c@bookmark@seq@number=\count285
(/usr/share/texlive/texmf-dist/tex/latex/rerunfilecheck/rerunfilecheck.sty
Package: rerunfilecheck 2019/12/05 v1.9 Rerun checks for auxiliary files (HO)
(/usr/share/texlive/texmf-dist/tex/latex/atveryend/atveryend.sty
Package: atveryend 2019-12-11 v1.11 Hooks at the very end of document (HO)
) (/usr/share/texlive/texmf-dist/tex/generic/uniquecounter/uniquecounter.sty
Package: uniquecounter 2019/12/15 v1.4 Provide unlimited unique counter (HO)
)
Package uniquecounter Info: New unique counter `rerunfilecheck' on input line 2
86.
)
\Hy@SectionHShift=\skip52
) (/usr/share/texlive/texmf-dist/tex/latex/bookmark/bkm-dvipdfm.def
File: bkm-dvipdfm.def 2019/12/03 v1.28 bookmark driver for dvipdfm (HO)
\BKM@id=\count286
)) (/usr/share/texlive/texmf-dist/tex/latex/fancyvrb/fancyvrb.sty
Package: fancyvrb 2020/01/13 v3.5 verbatim text (tvz,hv)
\FV@CodeLineNo=\count287
\FV@InFile=\read2
\FV@TabBox=\box49
\c@FancyVerbLine=\count288
\FV@StepNumber=\count289
\FV@OutFile=\write3
) (/usr/share/texlive/texmf-dist/tex/latex/framed/framed.sty
Package: framed 2011/10/22 v 0.96: framed or shaded text with page breaks
\OuterFrameSep=\skip53
\fb@frw=\dimen152
\fb@frh=\dimen153
\FrameRule=\dimen154
\FrameSep=\dimen155
) (/usr/share/texlive/texmf-dist/tex/latex/tools/longtable.sty
Package: longtable 2020/01/07 v4.13 Multi-page Table package (DPC)
\LTleft=\skip54
\LTright=\skip55
\LTpre=\skip56
\LTpost=\skip57
\LTchunksize=\count290
\LTcapwidth=\dimen156
\LT@head=\box50
\LT@firsthead=\box51
\LT@foot=\box52
\LT@lastfoot=\box53
\LT@cols=\count291
\LT@rows=\count292
\c@LT@tables=\count293
\c@LT@chunks=\count294
\LT@p@ftn=\toks21
) (/usr/share/texlive/texmf-dist/tex/latex/booktabs/booktabs.sty
Package: booktabs 2020/01/12 v1.61803398 Publication quality tables
\heavyrulewidth=\dimen157
\lightrulewidth=\dimen158
\cmidrulewidth=\dimen159
\belowrulesep=\dimen160
\belowbottomsep=\dimen161
\aboverulesep=\dimen162
\abovetopsep=\dimen163
\cmidrulesep=\dimen164
\cmidrulekern=\dimen165
\defaultaddspace=\dimen166
\@cmidla=\count295
\@cmidlb=\count296
\@aboverulesep=\dimen167
\@belowrulesep=\dimen168
\@thisruleclass=\count297
\@lastruleclass=\count298
\@thisrulewidth=\dimen169
) (/usr/share/texlive/texmf-dist/tex/latex/tools/array.sty
Package: array 2019/08/31 v2.4l Tabular extension package (FMi)
\col@sep=\dimen170
\ar@mcellbox=\box54
\extrarowheight=\dimen171
\NC@list=\toks22
\extratabsurround=\skip58
\backup@length=\skip59
\ar@cellbox=\box55
) (/usr/share/texlive/texmf-dist/tex/latex/tools/calc.sty
Package: calc 2017/05/25 v4.3 Infix arithmetic (KKT,FJ)
\calc@Acount=\count299
\calc@Bcount=\count300
\calc@Adimen=\dimen172
\calc@Bdimen=\dimen173
\calc@Askip=\skip60
\calc@Bskip=\skip61
LaTeX Info: Redefining \setlength on input line 80.
LaTeX Info: Redefining \addtolength on input line 81.
\calc@Ccount=\count301
\calc@Cskip=\skip62
) (/usr/share/texlive/texmf-dist/tex/latex/footnotehyper/footnotehyper.sty
Package: footnotehyper 2019/11/07 v1.1a hyperref aware footnote.sty (JFB)
\FNH@notes=\box56
\FNH@width=\dimen174
) (/usr/share/texlive/texmf-dist/tex/latex/graphics/graphicx.sty
Package: graphicx 2019/11/30 v1.2a Enhanced LaTeX Graphics (DPC,SPQR)
(/usr/share/texlive/texmf-dist/tex/latex/graphics/graphics.sty
Package: graphics 2019/11/30 v1.4a Standard LaTeX Graphics (DPC,SPQR)
(/usr/share/texlive/texmf-dist/tex/latex/graphics/trig.sty
Package: trig 2016/01/03 v1.10 sin cos tan (DPC)
) (/usr/share/texlive/texmf-dist/tex/latex/graphics-cfg/graphics.cfg
File: graphics.cfg 2016/06/04 v1.11 sample graphics configuration
)
Package graphics Info: Driver file: xetex.def on input line 105.
)
\Gin@req@height=\dimen175
\Gin@req@width=\dimen176
) (/usr/share/texlive/texmf-dist/tex/latex/multirow/multirow.sty
Package: multirow 2019/05/31 v2.5 Span multiple rows of a table
\multirow@colwidth=\skip63
\multirow@cntb=\count302
\multirow@dima=\skip64
\bigstrutjot=\dimen177
) (/usr/share/texlive/texmf-dist/tex/latex/tools/multicol.sty
Package: multicol 2019/12/09 v1.8y multicolumn formatting (FMi)
\c@tracingmulticols=\count303
\mult@box=\box57
\multicol@leftmargin=\dimen178
\c@unbalance=\count304
\c@collectmore=\count305
\doublecol@number=\count306
\multicoltolerance=\count307
\multicolpretolerance=\count308
\full@width=\dimen179
\page@free=\dimen180
\premulticols=\dimen181
\postmulticols=\dimen182
\multicolsep=\skip65
\multicolbaselineskip=\skip66
\partial@page=\box58
\last@line=\box59
\maxbalancingoverflow=\dimen183
\mult@rightbox=\box60
\mult@grightbox=\box61
\mult@gfirstbox=\box62
\mult@firstbox=\box63
\@tempa=\box64
\@tempa=\box65
\@tempa=\box66
\@tempa=\box67
\@tempa=\box68
\@tempa=\box69
\@tempa=\box70
\@tempa=\box71
\@tempa=\box72
\@tempa=\box73
\@tempa=\box74
\@tempa=\box75
\@tempa=\box76
\@tempa=\box77
\@tempa=\box78
\@tempa=\box79
\@tempa=\box80
\@tempa=\box81
\@tempa=\box82
\@tempa=\box83
\@tempa=\box84
\@tempa=\box85
\@tempa=\box86
\@tempa=\box87
\@tempa=\box88
\@tempa=\box89
\@tempa=\box90
\@tempa=\box91
\@tempa=\box92
\@tempa=\box93
\@tempa=\box94
\@tempa=\box95
\@tempa=\box96
\@tempa=\box97
\@tempa=\box98
\@tempa=\box99
\@tempa=\box100
\c@minrows=\count309
\c@columnbadness=\count310
\c@finalcolumnbadness=\count311
\last@try=\dimen184
\multicolovershoot=\dimen185
\multicolundershoot=\dimen186
\mult@nat@firstbox=\box101
\colbreak@box=\box102
\mc@col@check@num=\count312
) (/usr/share/texlive/texmf-dist/tex/latex/natbib/natbib.sty
Package: natbib 2010/09/13 8.31b (PWD, AO)
\bibhang=\skip67
\bibsep=\skip68
LaTeX Info: Redefining \cite on input line 694.
\c@NAT@ctr=\count313
)
No file Computational-Probability-and-Statistics.aux.
\openout1 = `Computational-Probability-and-Statistics.aux'.

LaTeX Font Info:    Checking defaults for OML/cmm/m/it on input line 130.
LaTeX Font Info:    ... okay on input line 130.
LaTeX Font Info:    Checking defaults for OMS/cmsy/m/n on input line 130.
LaTeX Font Info:    ... okay on input line 130.
LaTeX Font Info:    Checking defaults for OT1/cmr/m/n on input line 130.
LaTeX Font Info:    ... okay on input line 130.
LaTeX Font Info:    Checking defaults for T1/cmr/m/n on input line 130.
LaTeX Font Info:    ... okay on input line 130.
LaTeX Font Info:    Checking defaults for TS1/cmr/m/n on input line 130.
LaTeX Font Info:    ... okay on input line 130.
LaTeX Font Info:    Checking defaults for TU/lmr/m/n on input line 130.
LaTeX Font Info:    ... okay on input line 130.
LaTeX Font Info:    Checking defaults for OMX/cmex/m/n on input line 130.
LaTeX Font Info:    ... okay on input line 130.
LaTeX Font Info:    Checking defaults for U/cmr/m/n on input line 130.
LaTeX Font Info:    ... okay on input line 130.
LaTeX Font Info:    Checking defaults for PD1/pdf/m/n on input line 130.
LaTeX Font Info:    ... okay on input line 130.
LaTeX Font Info:    Checking defaults for PU/pdf/m/n on input line 130.
LaTeX Font Info:    ... okay on input line 130.
LaTeX Font Info:    Overwriting math alphabet `\mathrm' in version `normal'
(Font)                  OT1/lmr/m/n --> TU/lmr/m/n on input line 130.
LaTeX Font Info:    Overwriting math alphabet `\mathit' in version `normal'
(Font)                  OT1/lmr/m/it --> TU/lmr/m/it on input line 130.
LaTeX Font Info:    Overwriting math alphabet `\mathbf' in version `normal'
(Font)                  OT1/lmr/bx/n --> TU/lmr/bx/n on input line 130.
LaTeX Font Info:    Overwriting math alphabet `\mathsf' in version `normal'
(Font)                  OT1/lmss/m/n --> TU/lmss/m/n on input line 130.
LaTeX Font Info:    Overwriting math alphabet `\mathsf' in version `bold'
(Font)                  OT1/lmss/bx/n --> TU/lmss/bx/n on input line 130.
LaTeX Font Info:    Overwriting math alphabet `\mathtt' in version `normal'
(Font)                  OT1/lmtt/m/n --> TU/lmtt/m/n on input line 130.
LaTeX Font Info:    Overwriting math alphabet `\mathtt' in version `bold'
(Font)                  OT1/lmtt/m/n --> TU/lmtt/bx/n on input line 130.

Package fontspec Info: latinmodern-math scale = 0.9999964596882403.


Package fontspec Info: latinmodern-math scale = 0.9999964596882403.


Package fontspec Info: latinmodern-math scale = 0.9999964596882403.


Package fontspec Info: Font family 'latinmodern-math.otf(0)' created for font
(fontspec)             'latinmodern-math.otf' with options
(fontspec)             [Scale=MatchLowercase,BoldItalicFont={},ItalicFont={},Sm
allCapsFont={},Script=Math,BoldFont={latinmodern-math.otf}].
(fontspec)              
(fontspec)              This font family consists of the following NFSS
(fontspec)             series/shapes:
(fontspec)              
(fontspec)             - 'normal' (m/n) with NFSS spec.:
(fontspec)             <->s*[0.9999964596882403]"[latinmodern-math.otf]/OT:scri
pt=math;language=dflt;"
(fontspec)             - 'small caps'  (m/sc) with NFSS spec.: 
(fontspec)             - 'bold' (b/n) with NFSS spec.:
(fontspec)             <->s*[0.9999964596882403]"[latinmodern-math.otf]/OT:scri
pt=math;language=dflt;"
(fontspec)             - 'bold small caps'  (b/sc) with NFSS spec.: 

LaTeX Font Info:    Font shape `TU/latinmodern-math.otf(0)/m/n' will be
(Font)              scaled to size 10.0pt on input line 130.

Package fontspec Info: latinmodern-math scale = 0.9999964596882403.


Package fontspec Info: latinmodern-math scale = 0.9999964596882403.


Package fontspec Info: latinmodern-math scale = 0.9999964596882403.


Package fontspec Info: latinmodern-math scale = 0.9999964596882403.


Package fontspec Info: latinmodern-math scale = 0.9999964596882403.


Package fontspec Info: Font family 'latinmodern-math.otf(1)' created for font
(fontspec)             'latinmodern-math.otf' with options
(fontspec)             [Scale=MatchLowercase,BoldItalicFont={},ItalicFont={},Sm
allCapsFont={},Script=Math,SizeFeatures={{Size=8.5-},{Size=6-8.5,Font=latinmode
rn-math.otf,Style=MathScript},{Size=-6,Font=latinmodern-math.otf,Style=MathScri
ptScript}},BoldFont={latinmodern-math.otf}].
(fontspec)              
(fontspec)              This font family consists of the following NFSS
(fontspec)             series/shapes:
(fontspec)              
(fontspec)             - 'normal' (m/n) with NFSS spec.:
(fontspec)             <8.5->s*[0.9999964596882403]"[latinmodern-math.otf]/OT:s
cript=math;language=dflt;"<6-8.5>s*[0.9999964596882403]"[latinmodern-math.otf]/
OT:script=math;language=dflt;+ssty=0;"<-6>s*[0.9999964596882403]"[latinmodern-m
ath.otf]/OT:script=math;language=dflt;+ssty=1;"
(fontspec)             - 'small caps'  (m/sc) with NFSS spec.: 
(fontspec)             - 'bold' (b/n) with NFSS spec.:
(fontspec)             <->s*[0.9999964596882403]"[latinmodern-math.otf]/OT:scri
pt=math;language=dflt;"
(fontspec)             - 'bold small caps'  (b/sc) with NFSS spec.: 

LaTeX Font Info:    Font shape `TU/latinmodern-math.otf(1)/m/n' will be
(Font)              scaled to size 10.0pt on input line 130.
LaTeX Font Info:    Encoding `OT1' has changed to `TU' for symbol font
(Font)              `operators' in the math version `normal' on input line 130.

LaTeX Font Info:    Overwriting symbol font `operators' in version `normal'
(Font)                  OT1/lmr/m/n --> TU/latinmodern-math.otf(1)/m/n on input
 line 130.
LaTeX Font Info:    Encoding `OT1' has changed to `TU' for symbol font
(Font)              `operators' in the math version `bold' on input line 130.
LaTeX Font Info:    Overwriting symbol font `operators' in version `bold'
(Font)                  OT1/lmr/bx/n --> TU/latinmodern-math.otf(1)/b/n on inpu
t line 130.

Package fontspec Info: latinmodern-math scale = 0.9999964596882403.


Package fontspec Info: latinmodern-math scale = 1.000096459334209.


Package fontspec Info: latinmodern-math scale = 0.9999964596882403.


Package fontspec Info: latinmodern-math scale = 1.000096459334209.


Package fontspec Info: latinmodern-math scale = 0.9999964596882403.


Package fontspec Info: latinmodern-math scale = 1.000096459334209.


Package fontspec Info: latinmodern-math scale = 0.9999964596882403.


Package fontspec Info: latinmodern-math scale = 1.000096459334209.


Package fontspec Info: latinmodern-math scale = 0.9999964596882403.


Package fontspec Info: latinmodern-math scale = 1.000096459334209.


Package fontspec Info: Font family 'latinmodern-math.otf(2)' created for font
(fontspec)             'latinmodern-math.otf' with options
(fontspec)             [Scale=MatchLowercase,BoldItalicFont={},ItalicFont={},Sm
allCapsFont={},Script=Math,SizeFeatures={{Size=8.5-},{Size=6-8.5,Font=latinmode
rn-math.otf,Style=MathScript},{Size=-6,Font=latinmodern-math.otf,Style=MathScri
ptScript}},BoldFont={latinmodern-math.otf},ScaleAgain=1.0001,FontAdjustment={\f
ontdimen
(fontspec)             8\font =6.77pt\relax \fontdimen 9\font =3.94pt\relax
(fontspec)             \fontdimen 10\font =4.44pt\relax \fontdimen 11\font
(fontspec)             =6.86pt\relax \fontdimen 12\font =3.45pt\relax
(fontspec)             \fontdimen 13\font =3.63pt\relax \fontdimen 14\font
(fontspec)             =3.63pt\relax \fontdimen 15\font =2.89pt\relax
(fontspec)             \fontdimen 16\font =2.47pt\relax \fontdimen 17\font
(fontspec)             =2.47pt\relax \fontdimen 18\font =2.5pt\relax
(fontspec)             \fontdimen 19\font =2.0pt\relax \fontdimen 22\font
(fontspec)             =2.5pt\relax \fontdimen 20\font =0pt\relax \fontdimen
(fontspec)             21\font =0pt\relax }].
(fontspec)              
(fontspec)              This font family consists of the following NFSS
(fontspec)             series/shapes:
(fontspec)              
(fontspec)             - 'normal' (m/n) with NFSS spec.:
(fontspec)             <8.5->s*[1.000096459334209]"[latinmodern-math.otf]/OT:sc
ript=math;language=dflt;"<6-8.5>s*[1.000096459334209]"[latinmodern-math.otf]/OT
:script=math;language=dflt;+ssty=0;"<-6>s*[1.000096459334209]"[latinmodern-math
.otf]/OT:script=math;language=dflt;+ssty=1;"
(fontspec)             - 'small caps'  (m/sc) with NFSS spec.: 
(fontspec)             and font adjustment code:
(fontspec)             \fontdimen 8\font =6.77pt\relax \fontdimen 9\font
(fontspec)             =3.94pt\relax \fontdimen 10\font =4.44pt\relax
(fontspec)             \fontdimen 11\font =6.86pt\relax \fontdimen 12\font
(fontspec)             =3.45pt\relax \fontdimen 13\font =3.63pt\relax
(fontspec)             \fontdimen 14\font =3.63pt\relax \fontdimen 15\font
(fontspec)             =2.89pt\relax \fontdimen 16\font =2.47pt\relax
(fontspec)             \fontdimen 17\font =2.47pt\relax \fontdimen 18\font
(fontspec)             =2.5pt\relax \fontdimen 19\font =2.0pt\relax \fontdimen
(fontspec)             22\font =2.5pt\relax \fontdimen 20\font =0pt\relax
(fontspec)             \fontdimen 21\font =0pt\relax 
(fontspec)             - 'bold' (b/n) with NFSS spec.:
(fontspec)             <->s*[1.000096459334209]"[latinmodern-math.otf]/OT:scrip
t=math;language=dflt;"
(fontspec)             - 'bold small caps'  (b/sc) with NFSS spec.: 
(fontspec)             and font adjustment code:
(fontspec)             \fontdimen 8\font =6.77pt\relax \fontdimen 9\font
(fontspec)             =3.94pt\relax \fontdimen 10\font =4.44pt\relax
(fontspec)             \fontdimen 11\font =6.86pt\relax \fontdimen 12\font
(fontspec)             =3.45pt\relax \fontdimen 13\font =3.63pt\relax
(fontspec)             \fontdimen 14\font =3.63pt\relax \fontdimen 15\font
(fontspec)             =2.89pt\relax \fontdimen 16\font =2.47pt\relax
(fontspec)             \fontdimen 17\font =2.47pt\relax \fontdimen 18\font
(fontspec)             =2.5pt\relax \fontdimen 19\font =2.0pt\relax \fontdimen
(fontspec)             22\font =2.5pt\relax \fontdimen 20\font =0pt\relax
(fontspec)             \fontdimen 21\font =0pt\relax 

LaTeX Font Info:    Encoding `OMS' has changed to `TU' for symbol font
(Font)              `symbols' in the math version `normal' on input line 130.
LaTeX Font Info:    Overwriting symbol font `symbols' in version `normal'
(Font)                  OMS/lmsy/m/n --> TU/latinmodern-math.otf(2)/m/n on inpu
t line 130.
LaTeX Font Info:    Encoding `OMS' has changed to `TU' for symbol font
(Font)              `symbols' in the math version `bold' on input line 130.
LaTeX Font Info:    Overwriting symbol font `symbols' in version `bold'
(Font)                  OMS/lmsy/b/n --> TU/latinmodern-math.otf(2)/b/n on inpu
t line 130.

Package fontspec Info: latinmodern-math scale = 0.9999964596882403.


Package fontspec Info: latinmodern-math scale = 0.9998964600422715.


Package fontspec Info: latinmodern-math scale = 0.9999964596882403.


Package fontspec Info: latinmodern-math scale = 0.9998964600422715.


Package fontspec Info: latinmodern-math scale = 0.9999964596882403.


Package fontspec Info: latinmodern-math scale = 0.9998964600422715.


Package fontspec Info: latinmodern-math scale = 0.9999964596882403.


Package fontspec Info: latinmodern-math scale = 0.9998964600422715.


Package fontspec Info: latinmodern-math scale = 0.9999964596882403.


Package fontspec Info: latinmodern-math scale = 0.9998964600422715.


Package fontspec Info: Font family 'latinmodern-math.otf(3)' created for font
(fontspec)             'latinmodern-math.otf' with options
(fontspec)             [Scale=MatchLowercase,BoldItalicFont={},ItalicFont={},Sm
allCapsFont={},Script=Math,SizeFeatures={{Size=8.5-},{Size=6-8.5,Font=latinmode
rn-math.otf,Style=MathScript},{Size=-6,Font=latinmodern-math.otf,Style=MathScri
ptScript}},BoldFont={latinmodern-math.otf},ScaleAgain=0.9999,FontAdjustment={\f
ontdimen
(fontspec)             8\font =0.4pt\relax \fontdimen 9\font =2.0pt\relax
(fontspec)             \fontdimen 10\font =1.67pt\relax \fontdimen 11\font
(fontspec)             =1.11pt\relax \fontdimen 12\font =6.0pt\relax
(fontspec)             \fontdimen 13\font =0pt\relax }].
(fontspec)              
(fontspec)              This font family consists of the following NFSS
(fontspec)             series/shapes:
(fontspec)              
(fontspec)             - 'normal' (m/n) with NFSS spec.:
(fontspec)             <8.5->s*[0.9998964600422715]"[latinmodern-math.otf]/OT:s
cript=math;language=dflt;"<6-8.5>s*[0.9998964600422715]"[latinmodern-math.otf]/
OT:script=math;language=dflt;+ssty=0;"<-6>s*[0.9998964600422715]"[latinmodern-m
ath.otf]/OT:script=math;language=dflt;+ssty=1;"
(fontspec)             - 'small caps'  (m/sc) with NFSS spec.: 
(fontspec)             and font adjustment code:
(fontspec)             \fontdimen 8\font =0.4pt\relax \fontdimen 9\font
(fontspec)             =2.0pt\relax \fontdimen 10\font =1.67pt\relax
(fontspec)             \fontdimen 11\font =1.11pt\relax \fontdimen 12\font
(fontspec)             =6.0pt\relax \fontdimen 13\font =0pt\relax 
(fontspec)             - 'bold' (b/n) with NFSS spec.:
(fontspec)             <->s*[0.9998964600422715]"[latinmodern-math.otf]/OT:scri
pt=math;language=dflt;"
(fontspec)             - 'bold small caps'  (b/sc) with NFSS spec.: 
(fontspec)             and font adjustment code:
(fontspec)             \fontdimen 8\font =0.4pt\relax \fontdimen 9\font
(fontspec)             =2.0pt\relax \fontdimen 10\font =1.67pt\relax
(fontspec)             \fontdimen 11\font =1.11pt\relax \fontdimen 12\font
(fontspec)             =6.0pt\relax \fontdimen 13\font =0pt\relax 

LaTeX Font Info:    Encoding `OMX' has changed to `TU' for symbol font
(Font)              `largesymbols' in the math version `normal' on input line 1
30.
LaTeX Font Info:    Overwriting symbol font `largesymbols' in version `normal'
(Font)                  OMX/lmex/m/n --> TU/latinmodern-math.otf(3)/m/n on inpu
t line 130.
LaTeX Font Info:    Encoding `OMX' has changed to `TU' for symbol font
(Font)              `largesymbols' in the math version `bold' on input line 130
.
LaTeX Font Info:    Overwriting symbol font `largesymbols' in version `bold'
(Font)                  OMX/lmex/m/n --> TU/latinmodern-math.otf(3)/b/n on inpu
t line 130.
LaTeX Info: Redefining \microtypecontext on input line 130.
Package microtype Info: Character protrusion enabled (level 2).
Package microtype Info: Using protrusion set `basicmath'.
Package microtype Info: No adjustment of tracking.
Package microtype Info: No adjustment of spacing.
Package microtype Info: No adjustment of kerning.
(/usr/share/texlive/texmf-dist/tex/latex/microtype/mt-LatinModernRoman.cfg
File: mt-LatinModernRoman.cfg 2013/03/13 v1.0 microtype config. file: Latin Mod
ern Roman (RS)
)
\AtBeginShipoutBox=\box103
Package hyperref Info: Link coloring OFF on input line 130.
(/usr/share/texlive/texmf-dist/tex/latex/hyperref/nameref.sty
Package: nameref 2019/09/16 v2.46 Cross-referencing by name of section
(/usr/share/texlive/texmf-dist/tex/latex/refcount/refcount.sty
Package: refcount 2019/12/15 v3.6 Data extraction from label references (HO)
) (/usr/share/texlive/texmf-dist/tex/generic/gettitlestring/gettitlestring.sty
Package: gettitlestring 2019/12/15 v1.6 Cleanup title references (HO)
)
\c@section@level=\count314
)
LaTeX Info: Redefining \ref on input line 130.
LaTeX Info: Redefining \pageref on input line 130.
LaTeX Info: Redefining \nameref on input line 130.

Package hyperref Warning: Rerun to get /PageLabels entry.

LaTeX Font Info:    Font shape `TU/latinmodern-math.otf(1)/m/n' will be
(Font)              scaled to size 12.0pt on input line 132.
LaTeX Font Info:    Font shape `TU/latinmodern-math.otf(1)/m/n' will be
(Font)              scaled to size 8.0pt on input line 132.
LaTeX Font Info:    Font shape `TU/latinmodern-math.otf(1)/m/n' will be
(Font)              scaled to size 6.0pt on input line 132.
LaTeX Font Info:    Trying to load font information for OML+lmm on input line 1
32.
(/usr/share/texmf/tex/latex/lm/omllmm.fd
File: omllmm.fd 2009/10/30 v1.6 Font defs for Latin Modern
)
LaTeX Font Info:    Font shape `TU/latinmodern-math.otf(2)/m/n' will be
(Font)              scaled to size 12.0011pt on input line 132.
LaTeX Font Info:    Font shape `TU/latinmodern-math.otf(2)/m/n' will be
(Font)              scaled to size 8.00073pt on input line 132.
LaTeX Font Info:    Font shape `TU/latinmodern-math.otf(2)/m/n' will be
(Font)              scaled to size 6.00055pt on input line 132.
LaTeX Font Info:    Font shape `TU/latinmodern-math.otf(3)/m/n' will be
(Font)              scaled to size 11.99872pt on input line 132.
LaTeX Font Info:    Font shape `TU/latinmodern-math.otf(3)/m/n' will be
(Font)              scaled to size 7.99915pt on input line 132.
LaTeX Font Info:    Font shape `TU/latinmodern-math.otf(3)/m/n' will be
(Font)              scaled to size 5.99936pt on input line 132.
LaTeX Font Info:    Trying to load font information for U+msa on input line 132
.
(/usr/share/texlive/texmf-dist/tex/latex/amsfonts/umsa.fd
File: umsa.fd 2013/01/14 v3.01 AMS symbols A
) (/usr/share/texlive/texmf-dist/tex/latex/microtype/mt-msa.cfg
File: mt-msa.cfg 2006/02/04 v1.1 microtype config. file: AMS symbols (a) (RS)
)
LaTeX Font Info:    Trying to load font information for U+msb on input line 132
.
(/usr/share/texlive/texmf-dist/tex/latex/amsfonts/umsb.fd
File: umsb.fd 2013/01/14 v3.01 AMS symbols B
) (/usr/share/texlive/texmf-dist/tex/latex/microtype/mt-msb.cfg
File: mt-msb.cfg 2005/06/01 v1.0 microtype config. file: AMS symbols (b) (RS)
) [1


] [2

]
\tf@toc=\write4
\openout4 = `Computational-Probability-and-Statistics.toc'.

[3] [4

]
File: ./figures/Cover.png Graphic file (type bmp)
<./figures/Cover.png>

Underfull \vbox (badness 10000) has occurred while \output is active []

[5]
Overfull \vbox (143.15462pt too high) has occurred while \output is active []

[6]

Package natbib Warning: Citation `ointrorand' on page 7 undefined on input line
 143.


Package natbib Warning: Citation `ipsur' on page 7 undefined on input line 143.



Package natbib Warning: Citation `pruim2011foundations' on page 7 undefined on 
input line 143.

[7]
Underfull \hbox (badness 10000) in paragraph at lines 181--183

 []


Package natbib Warning: Citation `R-knitr' on page 8 undefined on input line 19
4.


Package natbib Warning: Citation `R-rmarkdown' on page 8 undefined on input lin
e 194.


Package natbib Warning: Citation `R-mosaic' on page 8 undefined on input line 1
94.


Package natbib Warning: Citation `R-mosaicCalc' on page 8 undefined on input li
ne 194.


Package natbib Warning: Citation `R-tidyverse' on page 8 undefined on input lin
e 194.


Package natbib Warning: Citation `R-ISLR' on page 8 undefined on input line 194
.


Package natbib Warning: Citation `R-vcd' on page 8 undefined on input line 194.



Package natbib Warning: Citation `R-ggplot2' on page 8 undefined on input line 
194.


Package natbib Warning: Citation `R-MASS' on page 8 undefined on input line 194
.


Package natbib Warning: Citation `R-openintro' on page 8 undefined on input lin
e 194.


Package natbib Warning: Citation `R-broom' on page 8 undefined on input line 19
4.


Package natbib Warning: Citation `R-infer' on page 8 undefined on input line 19
4.


Package natbib Warning: Citation `R-ISLR' on page 8 undefined on input line 194
.


Package natbib Warning: Citation `R-kableExtra' on page 8 undefined on input li
ne 194.


Package natbib Warning: Citation `R-DT' on page 8 undefined on input line 194.


Package natbib Warning: Citation `R-bookdown' on page 8 undefined on input line
 201.

File: ./figures/by-nc-sa.png Graphic file (type bmp)
<./figures/by-nc-sa.png>
[8] [9] [10

] [11] [12]
Chapter 1.

Underfull \hbox (badness 10000) in paragraph at lines 231--233

 []

[13

]
Underfull \hbox (badness 10000) in paragraph at lines 269--271

 []


Underfull \hbox (badness 10000) in paragraph at lines 271--273

 []

LaTeX Font Info:    Font shape `TU/latinmodern-math.otf(1)/m/n' will be
(Font)              scaled to size 7.0pt on input line 281.
LaTeX Font Info:    Font shape `TU/latinmodern-math.otf(1)/m/n' will be
(Font)              scaled to size 5.0pt on input line 281.
LaTeX Font Info:    Font shape `TU/latinmodern-math.otf(2)/m/n' will be
(Font)              scaled to size 10.00092pt on input line 281.
LaTeX Font Info:    Font shape `TU/latinmodern-math.otf(2)/m/n' will be
(Font)              scaled to size 7.00064pt on input line 281.
LaTeX Font Info:    Font shape `TU/latinmodern-math.otf(2)/m/n' will be
(Font)              scaled to size 5.00046pt on input line 281.
LaTeX Font Info:    Font shape `TU/latinmodern-math.otf(3)/m/n' will be
(Font)              scaled to size 9.99893pt on input line 281.
LaTeX Font Info:    Font shape `TU/latinmodern-math.otf(3)/m/n' will be
(Font)              scaled to size 6.99925pt on input line 281.
LaTeX Font Info:    Font shape `TU/latinmodern-math.otf(3)/m/n' will be
(Font)              scaled to size 4.99947pt on input line 281.
[14] [15] [16]
Overfull \hbox (33.0pt too wide) in paragraph at lines 428--428
[]\TU/lmtt/m/n/10 goal( y ~ x, data = MyData, ... ) # pseudo-code for the formu
la template[] 
 []

[17] [18]

LaTeX Warning: Reference `fig:first-fig' on page 19 undefined on input line 501
.

File: 01-Data-Case-Study_files/figure-latex/first-fig-1.pdf Graphic file (type 
pdf)
<use 01-Data-Case-Study_files/figure-latex/first-fig-1.pdf>

LaTeX Warning: Reference `fig:first-fig' on page 19 undefined on input line 519
.


Overfull \hbox (43.5pt too wide) in paragraph at lines 526--526
[]\TU/lmtt/m/n/10 goal( y ~ x|z, data = MyData, ... ) # pseudo-code for the for
mula template[] 
 []


LaTeX Warning: Reference `fig:split-fig' on page 19 undefined on input line 528
.

[19]
File: 01-Data-Case-Study_files/figure-latex/split-fig-1.pdf Graphic file (type 
pdf)
<use 01-Data-Case-Study_files/figure-latex/split-fig-1.pdf>

LaTeX Warning: Reference `fig:cs1-fig' on page 20 undefined on input line 547.

File: 01-Data-Case-Study_files/figure-latex/cs1-fig-1.pdf Graphic file (type pd
f)
<use 01-Data-Case-Study_files/figure-latex/cs1-fig-1.pdf>
[20] [21] [22]
Underfull \hbox (badness 10000) in paragraph at lines 685--687

 []


Underfull \hbox (badness 10000) in paragraph at lines 687--689

 []


Underfull \hbox (badness 10000) in paragraph at lines 689--691

 []

[23] [24

]
Chapter 2.

Underfull \hbox (badness 10000) in paragraph at lines 706--708

 []


Underfull \hbox (badness 10000) in paragraph at lines 708--710

 []


Underfull \hbox (badness 10000) in paragraph at lines 710--712

 []


LaTeX Warning: Reference `tab:db1-tab' on page 25 undefined on input line 731.

[25] [26]
Overfull \hbox (69.75pt too wide) in paragraph at lines 819--819
[]\TU/lmtt/m/n/10 ##    spam  to_multiple from     cc sent_email time          
      image attach[] 
 []


Overfull \hbox (69.75pt too wide) in paragraph at lines 819--819
[]\TU/lmtt/m/n/10 ##    <fct> <fct>       <fct> <int> <fct>      <dttm>        
      <dbl>  <dbl>[] 
 []


Overfull \hbox (69.75pt too wide) in paragraph at lines 819--819
[]\TU/lmtt/m/n/10 ##  1 0     0           1         0 1          2012-01-04 13:
19:16     0      0[] 
 []


Overfull \hbox (69.75pt too wide) in paragraph at lines 819--819
[]\TU/lmtt/m/n/10 ##  2 0     0           1         0 0          2012-02-16 20:
10:06     0      0[] 
 []


Overfull \hbox (69.75pt too wide) in paragraph at lines 819--819
[]\TU/lmtt/m/n/10 ##  3 1     0           1         4 0          2012-01-04 15:
36:23     0      2[] 
 []


Overfull \hbox (69.75pt too wide) in paragraph at lines 819--819
[]\TU/lmtt/m/n/10 ##  4 0     0           1         0 0          2012-01-04 17:
49:52     0      0[] 
 []


Overfull \hbox (69.75pt too wide) in paragraph at lines 819--819
[]\TU/lmtt/m/n/10 ##  5 0     0           1         0 0          2012-01-27 09:
34:45     0      0[] 
 []


Overfull \hbox (69.75pt too wide) in paragraph at lines 819--819
[]\TU/lmtt/m/n/10 ##  6 0     0           1         0 0          2012-01-17 17:
31:57     0      0[] 
 []


Overfull \hbox (69.75pt too wide) in paragraph at lines 819--819
[]\TU/lmtt/m/n/10 ##  7 0     0           1         0 0          2012-03-18 04:
18:55     0      0[] 
 []


Overfull \hbox (69.75pt too wide) in paragraph at lines 819--819
[]\TU/lmtt/m/n/10 ##  8 0     0           1         0 1          2012-03-31 13:
58:56     0      0[] 
 []


Overfull \hbox (69.75pt too wide) in paragraph at lines 819--819
[]\TU/lmtt/m/n/10 ##  9 0     0           1         1 1          2012-01-11 01:
57:54     0      0[] 
 []


Overfull \hbox (69.75pt too wide) in paragraph at lines 819--819
[]\TU/lmtt/m/n/10 ## 10 0     0           1         0 0          2012-01-07 19:
29:16     0      0[] 
 []


Overfull \hbox (48.75pt too wide) in paragraph at lines 819--819
[]\TU/lmtt/m/n/10 ## # ... with 13 more variables: dollar <dbl>, winner <fct>, 
inherit <dbl>,[] 
 []


Overfull \hbox (27.75pt too wide) in paragraph at lines 819--819
[]\TU/lmtt/m/n/10 ## #   viagra <dbl>, password <dbl>, num_char <dbl>, line_bre
aks <int>,[] 
 []


Overfull \hbox (43.5pt too wide) in paragraph at lines 819--819
[]\TU/lmtt/m/n/10 ## #   format <fct>, re_subj <fct>, exclaim_subj <dbl>, urgen
t_subj <fct>,[] 
 []

[27]
Underfull \hbox (badness 10000) in paragraph at lines 871--873

 []


Underfull \hbox (badness 10000) in paragraph at lines 873--875

 []

[28]
Overfull \hbox (48.75pt too wide) in paragraph at lines 940--940
[]\TU/lmtt/m/n/10 ##             name   state pop2000 pop2010 fed_spend poverty
 homeownership[] 
 []


Overfull \hbox (48.75pt too wide) in paragraph at lines 940--940
[]\TU/lmtt/m/n/10 ## 1 Autauga County Alabama   43671   54571  6.068095    10.6
          77.5[] 
 []


Overfull \hbox (48.75pt too wide) in paragraph at lines 940--940
[]\TU/lmtt/m/n/10 ## 2 Baldwin County Alabama  140415  182265  6.139862    12.2
          76.7[] 
 []


Overfull \hbox (48.75pt too wide) in paragraph at lines 940--940
[]\TU/lmtt/m/n/10 ## 3 Barbour County Alabama   29038   27457  8.752158    25.0
          68.0[] 
 []

[29]
Overfull \hbox (48.75pt too wide) in paragraph at lines 940--940
[]\TU/lmtt/m/n/10 ## 4    Bibb County Alabama   20826   22915  7.122016    12.6
          82.9[] 
 []


Overfull \hbox (48.75pt too wide) in paragraph at lines 940--940
[]\TU/lmtt/m/n/10 ## 5  Blount County Alabama   51024   57322  5.130910    13.4
          82.0[] 
 []


Overfull \hbox (48.75pt too wide) in paragraph at lines 940--940
[]\TU/lmtt/m/n/10 ## 6 Bullock County Alabama   11714   10914  9.973062    25.3
          76.9[] 
 []


Overfull \hbox (48.75pt too wide) in paragraph at lines 940--940
[]\TU/lmtt/m/n/10 ## 7  Butler County Alabama   21399   20947  9.311835    25.0
          69.0[] 
 []

File: 02-Data-Basics_files/figure-latex/tax-fig-1.pdf Graphic file (type pdf)
<use 02-Data-Basics_files/figure-latex/tax-fig-1.pdf>
[30]

LaTeX Warning: Reference `fig:tax-fig' on page 31 undefined on input line 961.

[31]
Underfull \hbox (badness 10000) in paragraph at lines 984--986

 []


LaTeX Warning: Reference `fig:pov1-fig' on page 32 undefined on input line 991.


File: 02-Data-Basics_files/figure-latex/pov1-fig-1.pdf Graphic file (type pdf)
<use 02-Data-Basics_files/figure-latex/pov1-fig-1.pdf>

LaTeX Warning: Reference `fig:homeown-fig' on page 32 undefined on input line 1
008.

File: 02-Data-Basics_files/figure-latex/homeown-fig-1.pdf Graphic file (type pd
f)
<use 02-Data-Basics_files/figure-latex/homeown-fig-1.pdf>
[32]

LaTeX Warning: Reference `fig:homeown-fig' on page 33 undefined on input line 1
019.


LaTeX Warning: Reference `fig:pov1-fig' on page 33 undefined on input line 1019
.


LaTeX Warning: Reference `fig:pov1-fig' on page 33 undefined on input line 1030
.

[33]
File: 02-Data-Basics_files/figure-latex/pov2-fig-1.pdf Graphic file (type pdf)
<use 02-Data-Basics_files/figure-latex/pov2-fig-1.pdf>

LaTeX Warning: Reference `fig:pov2-fig' on page 34 undefined on input line 1055
.


LaTeX Warning: Reference `fig:pov3-fig' on page 34 undefined on input line 1055
.

File: 02-Data-Basics_files/figure-latex/pov3-fig-1.pdf Graphic file (type pdf)
<use 02-Data-Basics_files/figure-latex/pov3-fig-1.pdf>

LaTeX Warning: Reference `fig:homeown-fig' on page 34 undefined on input line 1
079.


Underfull \vbox (badness 1502) has occurred while \output is active []

[34] [35] [36]
Chapter 3.

Underfull \hbox (badness 10000) in paragraph at lines 1108--1110

 []


Underfull \hbox (badness 10000) in paragraph at lines 1127--1129

 []


Underfull \hbox (badness 10000) in paragraph at lines 1129--1131

 []

[37

]
File: ./figures/mnWinter.jpg Graphic file (type bmp)
<./figures/mnWinter.jpg>

LaTeX Warning: Reference `fig:randsamp-fig' on page 38 undefined on input line 
1180.

[38]
File: 03-Overview-of-Data-Collection-Principles_files/figure-latex/randsamp-fig
-1.pdf Graphic file (type pdf)
<use 03-Overview-of-Data-Collection-Principles_files/figure-latex/randsamp-fig-
1.pdf>
File: 03-Overview-of-Data-Collection-Principles_files/figure-latex/biased-fig-1
.pdf Graphic file (type pdf)
<use 03-Overview-of-Data-Collection-Principles_files/figure-latex/biased-fig-1.
pdf>

LaTeX Warning: Reference `fig:biased-fig' on page 39 undefined on input line 12
02.

[39] [40]
File: 03-Overview-of-Data-Collection-Principles_files/figure-latex/convsamp-fig
-1.pdf Graphic file (type pdf)
<use 03-Overview-of-Data-Collection-Principles_files/figure-latex/convsamp-fig-
1.pdf>

LaTeX Warning: Reference `fig:convsamp-fig' on page 41 undefined on input line 
1214.

[41] [42]
Underfull \vbox (badness 1831) has occurred while \output is active []

[43]
Underfull \hbox (badness 10000) in paragraph at lines 1274--1277

 []


Underfull \vbox (badness 10000) has occurred while \output is active []

[44]
File: 03-Overview-of-Data-Collection-Principles_files/figure-latex/unnamed-chun
k-2-1.pdf Graphic file (type pdf)
<use 03-Overview-of-Data-Collection-Principles_files/figure-latex/unnamed-chunk
-2-1.pdf>

Underfull \vbox (badness 10000) has occurred while \output is active []

[45]
File: 03-Overview-of-Data-Collection-Principles_files/figure-latex/unnamed-chun
k-3-1.pdf Graphic file (type pdf)
<use 03-Overview-of-Data-Collection-Principles_files/figure-latex/unnamed-chunk
-3-1.pdf>

Underfull \hbox (badness 10000) in paragraph at lines 1321--1323

 []


Underfull \hbox (badness 10000) in paragraph at lines 1323--1325

 []

[46]
Chapter 4.

Underfull \hbox (badness 10000) in paragraph at lines 1338--1340

 []


Underfull \hbox (badness 10000) in paragraph at lines 1340--1342

 []


Underfull \hbox (badness 1264) in paragraph at lines 1346--1346
[]\TU/lmr/bx/n/14.4 Observation studies, sampling strategies,
 []

[47

]
File: 04-Studies_files/figure-latex/confound-fig-1.pdf Graphic file (type pdf)
<use 04-Studies_files/figure-latex/confound-fig-1.pdf>

LaTeX Warning: Reference `fig:confound-fig' on page 48 undefined on input line 
1371.


LaTeX Warning: Reference `fig:confound2-fig' on page 48 undefined on input line
 1373.


LaTeX Warning: Reference `fig:confound2-fig' on page 48 undefined on input line
 1377.

File: 04-Studies_files/figure-latex/confound2-fig-1.pdf Graphic file (type pdf)

<use 04-Studies_files/figure-latex/confound2-fig-1.pdf>

LaTeX Warning: Reference `fig:conditional-fig' on page 48 undefined on input li
ne 1389.

File: 04-Studies_files/figure-latex/conditional-fig-1.pdf Graphic file (type pd
f)
<use 04-Studies_files/figure-latex/conditional-fig-1.pdf>
[48]

LaTeX Warning: Reference `fig:homeown2-fig' on page 49 undefined on input line 
1403.


LaTeX Warning: Reference `fig:homeown2-fig' on page 49 undefined on input line 
1403.

File: 04-Studies_files/figure-latex/homeown2-fig-1.pdf Graphic file (type pdf)
<use 04-Studies_files/figure-latex/homeown2-fig-1.pdf>

Overfull \hbox (36.77673pt too wide) has occurred while \output is active
\TU/lmr/m/sl/10 4.2.  OBSERVATION STUDIES, SAMPLING STRATEGIES, AND EXPERIMENTS
 \TU/lmr/m/n/10 49
 []

[49] [50]

LaTeX Warning: Reference `fig:simprand-fig' on page 51 undefined on input line 
1419.


LaTeX Warning: Reference `fig:stratsamp2-fig' on page 51 undefined on input lin
e 1419.


LaTeX Warning: Reference `fig:clussamp4-fig' on page 51 undefined on input line
 1419.

File: 04-Studies_files/figure-latex/simprand-fig-1.pdf Graphic file (type pdf)
<use 04-Studies_files/figure-latex/simprand-fig-1.pdf>
File: 04-Studies_files/figure-latex/stratsamp2-fig-1.pdf Graphic file (type pdf
)
<use 04-Studies_files/figure-latex/stratsamp2-fig-1.pdf>
File: 04-Studies_files/figure-latex/clussamp4-fig-1.pdf Graphic file (type pdf)

<use 04-Studies_files/figure-latex/clussamp4-fig-1.pdf>

Overfull \hbox (36.77673pt too wide) has occurred while \output is active
\TU/lmr/m/sl/10 4.2.  OBSERVATION STUDIES, SAMPLING STRATEGIES, AND EXPERIMENTS
 \TU/lmr/m/n/10 51
 []

[51] [52]
Underfull \vbox (badness 1163) has occurred while \output is active []


Overfull \hbox (36.77673pt too wide) has occurred while \output is active
\TU/lmr/m/sl/10 4.2.  OBSERVATION STUDIES, SAMPLING STRATEGIES, AND EXPERIMENTS
 \TU/lmr/m/n/10 53
 []

[53]

LaTeX Warning: Reference `fig:exp4-fig' on page 54 undefined on input line 1478
.

File: 04-Studies_files/figure-latex/exp4-fig-1.pdf Graphic file (type pdf)
<use 04-Studies_files/figure-latex/exp4-fig-1.pdf>
[54]
Overfull \hbox (36.77673pt too wide) has occurred while \output is active
\TU/lmr/m/sl/10 4.2.  OBSERVATION STUDIES, SAMPLING STRATEGIES, AND EXPERIMENTS
 \TU/lmr/m/n/10 55
 []

[55] [56]
Underfull \hbox (badness 10000) in paragraph at lines 1521--1523

 []


Underfull \hbox (badness 10000) in paragraph at lines 1538--1540

 []

[57]
Underfull \hbox (badness 10000) in paragraph at lines 1555--1557

 []


Underfull \hbox (badness 10000) in paragraph at lines 1557--1559

 []


Underfull \hbox (badness 10000) in paragraph at lines 1559--1561

 []


Underfull \vbox (badness 10000) has occurred while \output is active []

[58]
Underfull \hbox (badness 10000) in paragraph at lines 1578--1580

 []


Underfull \hbox (badness 10000) in paragraph at lines 1580--1582

 []


Underfull \hbox (badness 10000) in paragraph at lines 1582--1584

 []


Underfull \hbox (badness 10000) in paragraph at lines 1584--1586

 []


Underfull \hbox (badness 10000) in paragraph at lines 1601--1603

 []


Underfull \hbox (badness 10000) in paragraph at lines 1603--1605

 []


Underfull \hbox (badness 10000) in paragraph at lines 1605--1607

 []


Underfull \hbox (badness 10000) in paragraph at lines 1607--1609

 []


Underfull \hbox (badness 1043) in paragraph at lines 1609--1611
\TU/lmr/m/n/10 establish a causal relationship between exercise and mental heal
th,
 []


Underfull \hbox (badness 10000) in paragraph at lines 1609--1611

 []

[59] [60]
Chapter 5.

Underfull \hbox (badness 10000) in paragraph at lines 1624--1626

 []


Underfull \hbox (badness 10000) in paragraph at lines 1626--1628

 []


Underfull \hbox (badness 10000) in paragraph at lines 1628--1630

 []


LaTeX Warning: Reference `fig:scat5-fig' on page 61 undefined on input line 164
1.

File: 05-Numerical-Data_files/figure-latex/scat5-fig-1.pdf Graphic file (type p
df)
<use 05-Numerical-Data_files/figure-latex/scat5-fig-1.pdf>

LaTeX Warning: Reference `fig:scat52-fig' on page 61 undefined on input line 16
49.


LaTeX Warning: Reference `fig:scat52-fig' on page 61 undefined on input line 16
49.

[61

]
File: 05-Numerical-Data_files/figure-latex/scat52-fig-1.pdf Graphic file (type 
pdf)
<use 05-Numerical-Data_files/figure-latex/scat52-fig-1.pdf>

LaTeX Warning: Reference `fig:scat52-fig' on page 62 undefined on input line 16
57.


Underfull \vbox (badness 10000) has occurred while \output is active []

[62]

LaTeX Warning: Reference `fig:scat53-fig' on page 63 undefined on input line 16
68.

File: 05-Numerical-Data_files/figure-latex/scat53-fig-1.pdf Graphic file (type 
pdf)
<use 05-Numerical-Data_files/figure-latex/scat53-fig-1.pdf>

LaTeX Warning: Reference `fig:dot5-fig' on page 63 undefined on input line 1687
.


Underfull \vbox (badness 10000) has occurred while \output is active []

[63]
File: 05-Numerical-Data_files/figure-latex/dot5-fig-1.pdf Graphic file (type pd
f)
<use 05-Numerical-Data_files/figure-latex/dot5-fig-1.pdf>

LaTeX Warning: Reference `eq:mean5' on page 64 undefined on input line 1703.

[64] [65]
Overfull \hbox (85.5pt too wide) in paragraph at lines 1752--1752
[]\TU/lmtt/m/n/10 ##   (0,5]  (5,10] (10,15] (15,20] (20,25] (25,30] (30,35] (3
5,40] (40,45] (45,50][] 
 []


Overfull \hbox (85.5pt too wide) in paragraph at lines 1752--1752
[]\TU/lmtt/m/n/10 ##      19      12       6       2       3       5       0   
    0       2       0[] 
 []


LaTeX Warning: Reference `fig:hist5-fig' on page 66 undefined on input line 175
4.

File: 05-Numerical-Data_files/figure-latex/hist5-fig-1.pdf Graphic file (type p
df)
<use 05-Numerical-Data_files/figure-latex/hist5-fig-1.pdf>
[66]

LaTeX Warning: Reference `fig:hist5-fig' on page 67 undefined on input line 176
4.

[67]

LaTeX Warning: Reference `fig:dot5-fig' on page 68 undefined on input line 1775
.

File: 05-Numerical-Data_files/figure-latex/unnamed-chunk-4-1.pdf Graphic file (
type pdf)
<use 05-Numerical-Data_files/figure-latex/unnamed-chunk-4-1.pdf>

Underfull \vbox (badness 10000) has occurred while \output is active []

[68]

LaTeX Warning: Reference `fig:histmulti-fig' on page 69 undefined on input line
 1824.

File: 05-Numerical-Data_files/figure-latex/histmulti-fig-1.pdf Graphic file (ty
pe pdf)
<use 05-Numerical-Data_files/figure-latex/histmulti-fig-1.pdf>
File: 05-Numerical-Data_files/figure-latex/histmulti-fig-2.pdf Graphic file (ty
pe pdf)
<use 05-Numerical-Data_files/figure-latex/histmulti-fig-2.pdf>
File: 05-Numerical-Data_files/figure-latex/histmulti-fig-3.pdf Graphic file (ty
pe pdf)
<use 05-Numerical-Data_files/figure-latex/histmulti-fig-3.pdf>

Underfull \hbox (badness 10000) in paragraph at lines 1827--1827
[][] []
 []

[69]

LaTeX Warning: Reference `eq:var5' on page 70 undefined on input line 1843.

[70] [71]
File: 05-Numerical-Data_files/figure-latex/hist53-fig-1.pdf Graphic file (type 
pdf)
<use 05-Numerical-Data_files/figure-latex/hist53-fig-1.pdf>
File: 05-Numerical-Data_files/figure-latex/hist54-fig-1.pdf Graphic file (type 
pdf)
<use 05-Numerical-Data_files/figure-latex/hist54-fig-1.pdf>
File: 05-Numerical-Data_files/figure-latex/hist55-fig-1.pdf Graphic file (type 
pdf)
<use 05-Numerical-Data_files/figure-latex/hist55-fig-1.pdf>

LaTeX Warning: Reference `fig:hist53-fig' on page 72 undefined on input line 19
11.


LaTeX Warning: Reference `fig:hist54-fig' on page 72 undefined on input line 19
11.


LaTeX Warning: Reference `fig:hist55-fig' on page 72 undefined on input line 19
11.


LaTeX Warning: Reference `fig:hist53-fig' on page 72 undefined on input line 19
11.


LaTeX Warning: Reference `fig:hist5-fig' on page 72 undefined on input line 191
6.

[72] [73]

LaTeX Warning: Reference `fig:box-fig' on page 74 undefined on input line 1924.


File: 05-Numerical-Data_files/figure-latex/box-fig-1.pdf Graphic file (type pdf
)
<use 05-Numerical-Data_files/figure-latex/box-fig-1.pdf>

LaTeX Warning: Reference `fig:box-fig' on page 74 undefined on input line 1932.


[74]

LaTeX Warning: Reference `fig:box-fig' on page 75 undefined on input line 1939.



LaTeX Warning: Reference `fig:box-fig' on page 75 undefined on input line 1953.


[75]

LaTeX Warning: Reference `fig:box-fig' on page 76 undefined on input line 1977.


[76]
Overfull \hbox (12.0pt too wide) in paragraph at lines 2035--2035
[]\TU/lmtt/m/n/10 ##    min     Q1 median       Q3    max     mean       sd  n 
missing[] 
 []


Overfull \hbox (12.0pt too wide) in paragraph at lines 2035--2035
[]\TU/lmtt/m/n/10 ##  0.057 2.5355 6.8895 15.41075 64.401 11.59822 13.12526 50 
      0[] 
 []


LaTeX Warning: Reference `fig:box2-fig' on page 77 undefined on input line 2040
.

File: 05-Numerical-Data_files/figure-latex/box2-fig-1.pdf Graphic file (type pd
f)
<use 05-Numerical-Data_files/figure-latex/box2-fig-1.pdf>

Overfull \hbox (75.0pt too wide) in paragraph at lines 2053--2053
[]\TU/lmtt/m/n/10 ##       group   min     Q1 median       Q3     max     mean 
      sd  n missing[] 
 []


Overfull \hbox (75.0pt too wide) in paragraph at lines 2053--2053
[]\TU/lmtt/m/n/10 ## 1   Dropped 0.057 2.4540 6.7680 14.15600  42.793 10.52061 
10.79768 49       0[] 
 []


Overfull \hbox (75.0pt too wide) in paragraph at lines 2053--2053
[]\TU/lmtt/m/n/10 ## 2 Increased 0.057 2.5355 6.8895 15.41075 150.000 13.31020 
22.43436 50       0[] 
 []


Overfull \hbox (75.0pt too wide) in paragraph at lines 2053--2053
[]\TU/lmtt/m/n/10 ## 3  Original 0.057 2.5355 6.8895 15.41075  64.401 11.59822 
13.12526 50       0[] 
 []

[77]

LaTeX Warning: Reference `fig:hist510-fig' on page 78 undefined on input line 2
093.

File: 05-Numerical-Data_files/figure-latex/hist510-fig-1.pdf Graphic file (type
 pdf)
<use 05-Numerical-Data_files/figure-latex/hist510-fig-1.pdf>
[78]

LaTeX Warning: Reference `fig:hist512-fig' on page 79 undefined on input line 2
106.

File: 05-Numerical-Data_files/figure-latex/hist512-fig-1.pdf Graphic file (type
 pdf)
<use 05-Numerical-Data_files/figure-latex/hist512-fig-1.pdf>

LaTeX Warning: Reference `fig:scat52-fig' on page 79 undefined on input line 21
14.


LaTeX Warning: Reference `fig:scat513-fig' on page 79 undefined on input line 2
114.

[79]
File: 05-Numerical-Data_files/figure-latex/scat513-fig-1.pdf Graphic file (type
 pdf)
<use 05-Numerical-Data_files/figure-latex/scat513-fig-1.pdf>

Underfull \hbox (badness 10000) in paragraph at lines 2142--2144

 []


Underfull \hbox (badness 10000) in paragraph at lines 2144--2146

 []

[80]
Underfull \hbox (badness 10000) in paragraph at lines 2148--2150

 []


Underfull \hbox (badness 10000) in paragraph at lines 2150--2152

 []


Underfull \hbox (badness 10000) in paragraph at lines 2152--2154

 []


Underfull \hbox (badness 10000) in paragraph at lines 2171--2173

 []


Underfull \hbox (badness 10000) in paragraph at lines 2194--2196

 []

[81]
Underfull \hbox (badness 10000) in paragraph at lines 2196--2198

 []


Underfull \hbox (badness 10000) in paragraph at lines 2200--2202

 []

[82]
Chapter 6.

Underfull \hbox (badness 10000) in paragraph at lines 2217--2219

 []


Underfull \hbox (badness 10000) in paragraph at lines 2219--2221

 []

[83

]

LaTeX Warning: Reference `tab:contin1-tab' on page 84 undefined on input line 2
263.

[84] [85]

LaTeX Warning: Reference `fig:bar61-fig' on page 86 undefined on input line 238
4.

File: 06-Categorical-Data_files/figure-latex/bar61-fig-1.pdf Graphic file (type
 pdf)
<use 06-Categorical-Data_files/figure-latex/bar61-fig-1.pdf>

LaTeX Warning: Reference `fig:bar62-fig' on page 86 undefined on input line 240
3.


Underfull \vbox (badness 1210) has occurred while \output is active []

[86]
File: 06-Categorical-Data_files/figure-latex/bar62-fig-1.pdf Graphic file (type
 pdf)
<use 06-Categorical-Data_files/figure-latex/bar62-fig-1.pdf>
File: 06-Categorical-Data_files/figure-latex/unnamed-chunk-11-1.pdf Graphic fil
e (type pdf)
<use 06-Categorical-Data_files/figure-latex/unnamed-chunk-11-1.pdf>

Underfull \vbox (badness 10000) has occurred while \output is active []

[87] [88] [89]

LaTeX Warning: Reference `fig:barseg61-fig' on page 90 undefined on input line 
2555.

[90]
File: 06-Categorical-Data_files/figure-latex/barseg61-fig-1.pdf Graphic file (t
ype pdf)
<use 06-Categorical-Data_files/figure-latex/barseg61-fig-1.pdf>

LaTeX Warning: Reference `fig:barseg62-fig' on page 91 undefined on input line 
2574.

File: 06-Categorical-Data_files/figure-latex/barseg62-fig-1.pdf Graphic file (t
ype pdf)
<use 06-Categorical-Data_files/figure-latex/barseg62-fig-1.pdf>

LaTeX Warning: Reference `fig:barseg61-fig' on page 91 undefined on input line 
2590.


LaTeX Warning: Reference `fig:barseg61-fig' on page 91 undefined on input line 
2598.


LaTeX Warning: Reference `fig:barseg62-fig' on page 91 undefined on input line 
2598.


LaTeX Warning: Reference `fig:barseg62-fig' on page 91 undefined on input line 
2600.


LaTeX Warning: Reference `fig:barseg61-fig' on page 91 undefined on input line 
2600.

[91]

LaTeX Warning: Reference `fig:mosaic61-fig' on page 92 undefined on input line 
2606.

[92]
File: 06-Categorical-Data_files/figure-latex/mosaic61-fig-1.pdf Graphic file (t
ype pdf)
<use 06-Categorical-Data_files/figure-latex/mosaic61-fig-1.pdf>

LaTeX Warning: Reference `fig:mosaic62-fig' on page 93 undefined on input line 
2628.


LaTeX Warning: Reference `fig:mosaic61-fig' on page 93 undefined on input line 
2628.

[93]
File: 06-Categorical-Data_files/figure-latex/mosaic62-fig-1.pdf Graphic file (t
ype pdf)
<use 06-Categorical-Data_files/figure-latex/mosaic62-fig-1.pdf>

LaTeX Warning: Reference `fig:mosaic63-fig' on page 94 undefined on input line 
2662.

[94]

LaTeX Warning: Reference `fig:mosaic62-fig' on page 95 undefined on input line 
2693.

File: 06-Categorical-Data_files/figure-latex/mosaic63-fig-1.pdf Graphic file (t
ype pdf)
<use 06-Categorical-Data_files/figure-latex/mosaic63-fig-1.pdf>

LaTeX Warning: Reference `fig:pie61-fig' on page 95 undefined on input line 271
2.

File: 06-Categorical-Data_files/figure-latex/pie61-fig-1.pdf Graphic file (type
 pdf)
<use 06-Categorical-Data_files/figure-latex/pie61-fig-1.pdf>
[95] [96]
Overfull \hbox (80.25pt too wide) in paragraph at lines 2782--2782
[]\TU/lmtt/m/n/10 ##            name   class   min       Q1 median    Q3     ma
x     mean        sd[] 
 []


Overfull \hbox (80.25pt too wide) in paragraph at lines 2782--2782
[]\TU/lmtt/m/n/10 ## ...1    pop2000 numeric    67 11223.50  24621 61775 951933
8 89649.99 292547.67[] 
 []


Overfull \hbox (80.25pt too wide) in paragraph at lines 2782--2782
[]\TU/lmtt/m/n/10 ## ...2    pop2010 numeric    82 11114.50  25872 66780 981860
5 98262.04 312946.70[] 
 []


Overfull \hbox (80.25pt too wide) in paragraph at lines 2782--2782
[]\TU/lmtt/m/n/10 ## ...3 med_income numeric 19351 36956.25  42450 49144  11557
4 44274.12  11547.49[] 
 []

[97]
Overfull \hbox (43.5pt too wide) in paragraph at lines 2840--2840
[]\TU/lmtt/m/n/10 ##            name   class   min       Q1  median      Q3    
 max     mean[] 
 []


Overfull \hbox (43.5pt too wide) in paragraph at lines 2840--2840
[]\TU/lmtt/m/n/10 ## ...1    pop2000 numeric    67 11217.25 24608.0 61783.5 951
9338 89669.37[] 
 []


Overfull \hbox (43.5pt too wide) in paragraph at lines 2840--2840
[]\TU/lmtt/m/n/10 ## ...2    pop2010 numeric    82 11127.00 25872.0 66972.0 981
8605 98359.23[] 
 []


Overfull \hbox (43.5pt too wide) in paragraph at lines 2840--2840
[]\TU/lmtt/m/n/10 ## ...3 med_income numeric 19351 36950.00 42443.5 49120.0  11
5574 44253.24[] 
 []


LaTeX Warning: Reference `fig:sbysbox61-fig' on page 98 undefined on input line
 2842.

File: 06-Categorical-Data_files/figure-latex/sbysbox61-fig-1.pdf Graphic file (
type pdf)
<use 06-Categorical-Data_files/figure-latex/sbysbox61-fig-1.pdf>

LaTeX Warning: Reference `fig:dens61-fig' on page 98 undefined on input line 28
61.

[98]
File: 06-Categorical-Data_files/figure-latex/dens61-fig-1.pdf Graphic file (typ
e pdf)
<use 06-Categorical-Data_files/figure-latex/dens61-fig-1.pdf>

Underfull \vbox (badness 10000) has occurred while \output is active []

[99] [100]
Underfull \hbox (badness 10000) in paragraph at lines 2908--2910

 []

[101]
Underfull \vbox (badness 10000) has occurred while \output is active []

[102] [103] [104

] [105] [106]
Chapter 7.

Underfull \hbox (badness 10000) in paragraph at lines 2984--2986

 []

[107

] [108]
Overfull \hbox (69.75pt too wide) in paragraph at lines 3105--3105
[]\TU/lmtt/m/n/10 ##  [1] 206 311 331 196 262 191 206 123 233 270 248   7 349 1
12   1 307 288 354[] 
 []


Overfull \hbox (69.75pt too wide) in paragraph at lines 3119--3119
[]\TU/lmtt/m/n/10 ##  [1]   1   7 112 123 191 196 206 206 233 248 262 270 288 3
07 311 331 349 354[] 
 []

[109] [110]

LaTeX Warning: Reference `fig:bar71-fig' on page 111 undefined on input line 32
39.

File: 07-Probability-Case-Study_files/figure-latex/bar71-fig-1.pdf Graphic file
 (type pdf)
<use 07-Probability-Case-Study_files/figure-latex/bar71-fig-1.pdf>
[111] [112] [113]
LaTeX Font Info:    Font shape `TU/lmtt/bx/n' in size <10> not available
(Font)              Font shape `TU/lmtt/b/n' tried instead on input line 3336.
[114]
Overfull \hbox (80.25pt too wide) in paragraph at lines 3391--3391
[]\TU/lmtt/m/n/10 ## Warning in 365:(365 - (n - 1)): numerical expression has 2
0 elements: only the[] 
 []


Overfull \hbox (59.25pt too wide) in paragraph at lines 3397--3397
[]\TU/lmtt/m/n/10 ##  [1] 0.0000000 0.9972603 0.9999925 1.0000000 1.0000000 1.0
000000 1.0000000[] 
 []


Overfull \hbox (59.25pt too wide) in paragraph at lines 3397--3397
[]\TU/lmtt/m/n/10 ##  [8] 1.0000000 1.0000000 1.0000000 1.0000000 1.0000000 1.0
000000 1.0000000[] 
 []


Overfull \hbox (6.75pt too wide) in paragraph at lines 3397--3397
[]\TU/lmtt/m/n/10 ## [15] 1.0000000 1.0000000 1.0000000 1.0000000 1.0000000 1.0
000000[] 
 []


Overfull \hbox (69.75pt too wide) in paragraph at lines 3420--3420
[]\TU/lmtt/m/n/10 ##  [1] 0.000000000 0.002739726 0.008204166 0.016355912 0.027
135574 0.040462484[] 
 []


Overfull \hbox (69.75pt too wide) in paragraph at lines 3420--3420
[]\TU/lmtt/m/n/10 ##  [7] 0.056235703 0.074335292 0.094623834 0.116948178 0.141
141378 0.167024789[] 
 []


Overfull \hbox (69.75pt too wide) in paragraph at lines 3420--3420
[]\TU/lmtt/m/n/10 ## [13] 0.194410275 0.223102512 0.252901320 0.283604005 0.315
007665 0.346911418[] 
 []


LaTeX Warning: Reference `fig:line71-fig' on page 115 undefined on input line 3
422.

File: 07-Probability-Case-Study_files/figure-latex/line71-fig-1.pdf Graphic fil
e (type pdf)
<use 07-Probability-Case-Study_files/figure-latex/line71-fig-1.pdf>
[115]
Overfull \hbox (12.0pt too wide) in paragraph at lines 3480--3480
[]\TU/lmtt/m/n/10 ##   name class      first       last min_diff max_diff    n 
missing[] 
 []


Overfull \hbox (12.0pt too wide) in paragraph at lines 3480--3480
[]\TU/lmtt/m/n/10 ## 1 date  Date 1969-01-01 1988-12-31   1 days   1 days 7305 
      0[] 
 []


Overfull \hbox (80.25pt too wide) in paragraph at lines 3480--3480
[]\TU/lmtt/m/n/10 ##              name   class  min   Q1 median    Q3   max    
    mean          sd[] 
 []


Overfull \hbox (80.25pt too wide) in paragraph at lines 3480--3480
[]\TU/lmtt/m/n/10 ## ...1       births integer 6675 8792   9622 10510 12851 964
8.940178 1127.315229[] 
 []


Overfull \hbox (80.25pt too wide) in paragraph at lines 3480--3480
[]\TU/lmtt/m/n/10 ## ...2         year integer 1969 1974   1979  1984  1988 197
8.501027    5.766735[] 
 []


Overfull \hbox (80.25pt too wide) in paragraph at lines 3480--3480
[]\TU/lmtt/m/n/10 ## ...3        month integer    1    4      7    10    12    
6.522930    3.448939[] 
 []


Overfull \hbox (80.25pt too wide) in paragraph at lines 3480--3480
[]\TU/lmtt/m/n/10 ## ...4  day_of_year integer    1   93    184   275   366  18
3.753593  105.621885[] 
 []


Overfull \hbox (80.25pt too wide) in paragraph at lines 3480--3480
[]\TU/lmtt/m/n/10 ## ...5 day_of_month integer    1    8     16    23    31   1
5.729637    8.800694[] 
 []


Overfull \hbox (80.25pt too wide) in paragraph at lines 3480--3480
[]\TU/lmtt/m/n/10 ## ...6  day_of_week integer    1    2      4     6     7    
4.000274    1.999795[] 
 []


LaTeX Warning: Reference `fig:scat71-fig' on page 116 undefined on input line 3
482.


Underfull \vbox (badness 10000) has occurred while \output is active []

[116]
File: 07-Probability-Case-Study_files/figure-latex/scat71-fig-1.pdf Graphic fil
e (type pdf)
<use 07-Probability-Case-Study_files/figure-latex/scat71-fig-1.pdf>

LaTeX Warning: Reference `fig:scat71-fig' on page 117 undefined on input line 3
502.


LaTeX Warning: Reference `fig:scat72-fig' on page 117 undefined on input line 3
507.

[117]
File: 07-Probability-Case-Study_files/figure-latex/scat72-fig-1.pdf Graphic fil
e (type pdf)
<use 07-Probability-Case-Study_files/figure-latex/scat72-fig-1.pdf>
[118] [119]

LaTeX Warning: Reference `fig:scat73-fig' on page 120 undefined on input line 3
624.

File: 07-Probability-Case-Study_files/figure-latex/scat73-fig-1.pdf Graphic fil
e (type pdf)
<use 07-Probability-Case-Study_files/figure-latex/scat73-fig-1.pdf>
[120]
Underfull \hbox (badness 10000) in paragraph at lines 3690--3692

 []


Underfull \hbox (badness 10000) in paragraph at lines 3692--3694

 []

[121]
Underfull \hbox (badness 10000) in paragraph at lines 3694--3696

 []


Underfull \hbox (badness 10000) in paragraph at lines 3711--3713

 []


Underfull \hbox (badness 10000) in paragraph at lines 3713--3715

 []


Underfull \hbox (badness 10000) in paragraph at lines 3715--3717

 []


Underfull \hbox (badness 10000) in paragraph at lines 3717--3719

 []

[122]
Chapter 8.

! LaTeX Error: Command \E already defined.
               Or name \end... illegal, see p.192 of the manual.

See the LaTeX manual or LaTeX Companion for explanation.
Type  H <return>  for immediate help.
 ...                                              
                                                  
l.3725 \newcommand{\E}{\mbox{E}}
                                 
Here is how much of TeX's memory you used:
 19722 strings out of 479819
 358711 string characters out of 5895846
 783545 words of memory out of 5000000
 36472 multiletter control sequences out of 15000+600000
 538869 words of font info for 87 fonts, out of 8000000 for 9000
 1348 hyphenation exceptions out of 8191
 58i,9n,115p,1376b,531s stack positions out of 5000i,500n,10000p,200000b,80000s

Output written on Computational-Probability-and-Statistics.pdf (122 pages).
